[0827/001751.830:ERROR:process_reader_win.cc(123)] NtOpenThread: {Access Denied} A process has requested access to an object, but has not been granted those access rights. (0xc0000022)
[0827/001751.845:ERROR:exception_snapshot_win.cc(98)] thread ID 13656 not found in process
[0902/142311.186:ERROR:process_memory_win.cc(73)] ReadMemory at 0x7ff660f80000 of 64 bytes failed: Only part of a ReadProcessMemory or WriteProcessMemory request was completed. (0x12B)
[0902/142311.187:WARNING:pe_image_reader.cc(340)] could not read dos header from C:\Program Files (x86)\Google\Chrome\Application\chrome.exe
[0902/142311.187:ERROR:process_memory_win.cc(73)] ReadMemory at 0x7ffaac6e0000 of 64 bytes failed: Only part of a ReadProcessMemory or WriteProcessMemory request was completed. (0x12B)
[0902/142311.188:WARNING:pe_image_reader.cc(340)] could not read dos header from C:\WINDOWS\SYSTEM32\ntdll.dll
[0902/142311.188:ERROR:process_memory_win.cc(73)] ReadMemory at 0x7ffaac120000 of 64 bytes failed: Only part of a ReadProcessMemory or WriteProcessMemory request was completed. (0x12B)
[0902/142311.188:WARNING:pe_image_reader.cc(340)] could not read dos header from C:\WINDOWS\System32\KERNEL32.DLL
[0902/142311.188:ERROR:process_memory_win.cc(73)] ReadMemory at 0x7ffaa99f0000 of 64 bytes failed: Only part of a ReadProcessMemory or WriteProcessMemory request was completed. (0x12B)
[0902/142311.188:WARNING:pe_image_reader.cc(340)] could not read dos header from C:\WINDOWS\System32\KERNELBASE.dll
[0902/142311.188:ERROR:process_memory_win.cc(73)] ReadMemory at 0x7ffa73890000 of 64 bytes failed: Only part of a ReadProcessMemory or WriteProcessMemory request was completed. (0x12B)
[0902/142311.188:WARNING:pe_image_reader.cc(340)] could not read dos header from C:\Program Files (x86)\Google\Chrome\Application\76.0.3809.100\chrome_elf.dll
[0902/142311.188:ERROR:process_memory_win.cc(73)] ReadMemory at 0x7ffaa8520000 of 64 bytes failed: Only part of a ReadProcessMemory or WriteProcessMemory request was completed. (0x12B)
[0902/142311.188:WARNING:pe_image_reader.cc(340)] could not read dos header from C:\WINDOWS\SYSTEM32\VERSION.dll
[0902/142311.188:ERROR:process_memory_win.cc(73)] ReadMemory at 0x7ffaab6b0000 of 64 bytes failed: Only part of a ReadProcessMemory or WriteProcessMemory request was completed. (0x12B)
[0902/142311.188:WARNING:pe_image_reader.cc(340)] could not read dos header from C:\WINDOWS\System32\msvcrt.dll
[0902/142311.188:ERROR:process_memory_win.cc(73)] ReadMemory at 0x7ffaa9970000 of 64 bytes failed: Only part of a ReadProcessMemory or WriteProcessMemory request was completed. (0x12B)
[0902/142311.189:WARNING:pe_image_reader.cc(340)] could not read dos header from C:\WINDOWS\System32\bcryptPrimitives.dll
[0902/142311.189:ERROR:process_memory_win.cc(73)] ReadMemory at 0x7ffaaad60000 of 64 bytes failed: Only part of a ReadProcessMemory or WriteProcessMemory request was completed. (0x12B)
[0902/142311.189:WARNING:pe_image_reader.cc(340)] could not read dos header from C:\WINDOWS\System32\ADVAPI32.dll
[0902/142311.189:ERROR:process_memory_win.cc(73)] ReadMemory at 0x7ffaaa980000 of 64 bytes failed: Only part of a ReadProcessMemory or WriteProcessMemory request was completed. (0x12B)
[0902/142311.189:WARNING:pe_image_reader.cc(340)] could not read dos header from C:\WINDOWS\System32\sechost.dll
[0902/142311.189:ERROR:process_memory_win.cc(73)] ReadMemory at 0x7ffaab7b0000 of 64 bytes failed: Only part of a ReadProcessMemory or WriteProcessMemory request was completed. (0x12B)
[0902/142311.189:WARNING:pe_image_reader.cc(340)] could not read dos header from C:\WINDOWS\System32\RPCRT4.dll
[0902/142311.189:ERROR:process_memory_win.cc(73)] ReadMemory at 0x7ffa65b10000 of 64 bytes failed: Only part of a ReadProcessMemory or WriteProcessMemory request was completed. (0x12B)
[0902/142311.189:WARNING:pe_image_reader.cc(340)] could not read dos header from C:\Program Files (x86)\Google\Chrome\Application\76.0.3809.100\chrome_child.dll
[0902/142311.189:ERROR:process_memory_win.cc(73)] ReadMemory at 0x7ffaaba10000 of 64 bytes failed: Only part of a ReadProcessMemory or WriteProcessMemory request was completed. (0x12B)
[0902/142311.189:WARNING:pe_image_reader.cc(340)] could not read dos header from C:\WINDOWS\System32\OLEAUT32.dll
[0902/142311.189:ERROR:process_memory_win.cc(73)] ReadMemory at 0x7ffaa98d0000 of 64 bytes failed: Only part of a ReadProcessMemory or WriteProcessMemory request was completed. (0x12B)
[0902/142311.189:WARNING:pe_image_reader.cc(340)] could not read dos header from C:\WINDOWS\System32\msvcp_win.dll
[0902/142311.189:ERROR:process_memory_win.cc(73)] ReadMemory at 0x7ffaa9670000 of 64 bytes failed: Only part of a ReadProcessMemory or WriteProcessMemory request was completed. (0x12B)
[0902/142311.190:WARNING:pe_image_reader.cc(340)] could not read dos header from C:\WINDOWS\System32\ucrtbase.dll
[0902/142311.190:ERROR:process_memory_win.cc(73)] ReadMemory at 0x7ffaaaa20000 of 64 bytes failed: Only part of a ReadProcessMemory or WriteProcessMemory request was completed. (0x12B)
[0902/142311.190:WARNING:pe_image_reader.cc(340)] could not read dos header from C:\WINDOWS\System32\combase.dll
[0902/142311.190:ERROR:process_memory_win.cc(73)] ReadMemory at 0x7ffaab940000 of 64 bytes failed: Only part of a ReadProcessMemory or WriteProcessMemory request was completed. (0x12B)
[0902/142311.190:WARNING:pe_image_reader.cc(340)] could not read dos header from C:\WINDOWS\System32\WS2_32.dll
[0902/142311.190:ERROR:process_memory_win.cc(73)] ReadMemory at 0x7ffaab9d0000 of 64 bytes failed: Only part of a ReadProcessMemory or WriteProcessMemory request was completed. (0x12B)
[0902/142311.190:WARNING:pe_image_reader.cc(340)] could not read dos header from C:\WINDOWS\System32\GDI32.dll
[0902/142311.190:ERROR:process_memory_win.cc(73)] ReadMemory at 0x7ffaa9e90000 of 64 bytes failed: Only part of a ReadProcessMemory or WriteProcessMemory request was completed. (0x12B)
[0902/142311.190:WARNING:pe_image_reader.cc(340)] could not read dos header from C:\WINDOWS\System32\win32u.dll
[0902/142311.190:ERROR:process_memory_win.cc(73)] ReadMemory at 0x7ffaa9ca0000 of 64 bytes failed: Only part of a ReadProcessMemory or WriteProcessMemory request was completed. (0x12B)
[0902/142311.190:WARNING:pe_image_reader.cc(340)] could not read dos header from C:\WINDOWS\System32\gdi32full.dll
[0902/142311.190:ERROR:process_memory_win.cc(73)] ReadMemory at 0x7ffaabf50000 of 64 bytes failed: Only part of a ReadProcessMemory or WriteProcessMemory request was completed. (0x12B)
[0902/142311.190:WARNING:pe_image_reader.cc(340)] could not read dos header from C:\WINDOWS\System32\USER32.dll
[0902/142311.190:ERROR:process_memory_win.cc(73)] ReadMemory at 0x7ffaa97a0000 of 64 bytes failed: Only part of a ReadProcessMemory or WriteProcessMemory request was completed. (0x12B)
[0902/142311.190:WARNING:pe_image_reader.cc(340)] could not read dos header from C:\WINDOWS\System32\WINTRUST.dll
[0902/142311.190:ERROR:process_memory_win.cc(73)] ReadMemory at 0x7ffaa9650000 of 64 bytes failed: Only part of a ReadProcessMemory or WriteProcessMemory request was completed. (0x12B)
[0902/142311.190:WARNING:pe_image_reader.cc(340)] could not read dos header from C:\WINDOWS\System32\MSASN1.dll
[0902/142311.191:ERROR:process_memory_win.cc(73)] ReadMemory at 0x7ffaaa640000 of 64 bytes failed: Only part of a ReadProcessMemory or WriteProcessMemory request was completed. (0x12B)
[0902/142311.191:WARNING:pe_image_reader.cc(340)] could not read dos header from C:\WINDOWS\System32\CRYPT32.dll
[0902/142311.191:ERROR:process_memory_win.cc(73)] ReadMemory at 0x7ffaa8ad0000 of 64 bytes failed: Only part of a ReadProcessMemory or WriteProcessMemory request was completed. (0x12B)
[0902/142311.191:WARNING:pe_image_reader.cc(340)] could not read dos header from C:\WINDOWS\SYSTEM32\IPHLPAPI.DLL
[0902/142311.191:ERROR:process_memory_win.cc(73)] ReadMemory at 0x7ffa9dde0000 of 64 bytes failed: Only part of a ReadProcessMemory or WriteProcessMemory request was completed. (0x12B)
[0902/142311.191:WARNING:pe_image_reader.cc(340)] could not read dos header from C:\WINDOWS\SYSTEM32\WINMM.dll
[0902/142311.191:ERROR:process_memory_win.cc(73)] ReadMemory at 0x7ffaa94a0000 of 64 bytes failed: Only part of a ReadProcessMemory or WriteProcessMemory request was completed. (0x12B)
[0902/142311.191:WARNING:pe_image_reader.cc(340)] could not read dos header from C:\WINDOWS\SYSTEM32\USERENV.dll
[0902/142311.191:ERROR:process_memory_win.cc(73)] ReadMemory at 0x7ffaa9630000 of 64 bytes failed: Only part of a ReadProcessMemory or WriteProcessMemory request was completed. (0x12B)
[0902/142311.191:WARNING:pe_image_reader.cc(340)] could not read dos header from C:\WINDOWS\System32\profapi.dll
[0902/142311.191:ERROR:process_memory_win.cc(73)] ReadMemory at 0x7ffa86810000 of 64 bytes failed: Only part of a ReadProcessMemory or WriteProcessMemory request was completed. (0x12B)
[0902/142311.191:WARNING:pe_image_reader.cc(340)] could not read dos header from C:\WINDOWS\SYSTEM32\DWrite.dll
[0902/142311.191:ERROR:process_memory_win.cc(73)] ReadMemory at 0x7ffa992d0000 of 64 bytes failed: Only part of a ReadProcessMemory or WriteProcessMemory request was completed. (0x12B)
[0902/142311.191:WARNING:pe_image_reader.cc(340)] could not read dos header from C:\WINDOWS\SYSTEM32\WINSPOOL.DRV
[0902/142311.191:ERROR:process_memory_win.cc(73)] ReadMemory at 0x7ffaa95c0000 of 64 bytes failed: Only part of a ReadProcessMemory or WriteProcessMemory request was completed. (0x12B)
[0902/142311.191:WARNING:pe_image_reader.cc(340)] could not read dos header from C:\WINDOWS\System32\kernel.appcore.dll
[0902/142311.191:ERROR:process_memory_win.cc(73)] ReadMemory at 0x7ffaa9770000 of 64 bytes failed: Only part of a ReadProcessMemory or WriteProcessMemory request was completed. (0x12B)
[0902/142311.192:WARNING:pe_image_reader.cc(340)] could not read dos header from C:\WINDOWS\System32\bcrypt.dll
[0902/142311.192:ERROR:process_memory_win.cc(73)] ReadMemory at 0x7ffaa7a60000 of 64 bytes failed: Only part of a ReadProcessMemory or WriteProcessMemory request was completed. (0x12B)
[0902/142311.192:WARNING:pe_image_reader.cc(340)] could not read dos header from C:\WINDOWS\SYSTEM32\dbghelp.dll
[0902/142311.192:ERROR:process_memory_win.cc(73)] ReadMemory at 0x7ffaa26e0000 of 64 bytes failed: Only part of a ReadProcessMemory or WriteProcessMemory request was completed. (0x12B)
[0902/142311.192:WARNING:pe_image_reader.cc(340)] could not read dos header from C:\WINDOWS\SYSTEM32\WINHTTP.dll
[0902/142311.192:ERROR:process_memory_win.cc(73)] ReadMemory at 0x7ffaa85a0000 of 64 bytes failed: Only part of a ReadProcessMemory or WriteProcessMemory request was completed. (0x12B)
[0902/142311.192:WARNING:pe_image_reader.cc(340)] could not read dos header from C:\WINDOWS\SYSTEM32\Secur32.dll
[0902/142311.192:ERROR:process_memory_win.cc(73)] ReadMemory at 0x7ffa9d4a0000 of 64 bytes failed: Only part of a ReadProcessMemory or WriteProcessMemory request was completed. (0x12B)
[0902/142311.192:WARNING:pe_image_reader.cc(340)] could not read dos header from C:\WINDOWS\SYSTEM32\dhcpcsvc.DLL
[0902/142311.192:ERROR:process_memory_win.cc(73)] ReadMemory at 0x7ffaab8d0000 of 64 bytes failed: Only part of a ReadProcessMemory or WriteProcessMemory request was completed. (0x12B)
[0902/142311.192:WARNING:pe_image_reader.cc(340)] could not read dos header from C:\WINDOWS\System32\NSI.dll
[0902/142311.192:ERROR:process_memory_win.cc(73)] ReadMemory at 0x7ffa9dd70000 of 64 bytes failed: Only part of a ReadProcessMemory or WriteProcessMemory request was completed. (0x12B)
[0902/142311.192:WARNING:pe_image_reader.cc(340)] could not read dos header from C:\WINDOWS\SYSTEM32\WINMMBASE.dll
[0902/142311.192:ERROR:process_memory_win.cc(73)] ReadMemory at 0x7ffaa9e40000 of 64 bytes failed: Only part of a ReadProcessMemory or WriteProcessMemory request was completed. (0x12B)
[0902/142311.192:WARNING:pe_image_reader.cc(340)] could not read dos header from C:\WINDOWS\System32\cfgmgr32.dll
[0902/142311.192:ERROR:process_memory_win.cc(73)] ReadMemory at 0x7ffaa5810000 of 64 bytes failed: Only part of a ReadProcessMemory or WriteProcessMemory request was completed. (0x12B)
[0902/142311.192:WARNING:pe_image_reader.cc(340)] could not read dos header from C:\WINDOWS\SYSTEM32\PROPSYS.dll
[0902/142311.192:ERROR:process_memory_win.cc(73)] ReadMemory at 0x7ffaac250000 of 64 bytes failed: Only part of a ReadProcessMemory or WriteProcessMemory request was completed. (0x12B)
[0902/142311.193:WARNING:pe_image_reader.cc(340)] could not read dos header from C:\WINDOWS\System32\shcore.dll
[0902/142311.193:ERROR:process_memory_win.cc(73)] ReadMemory at 0x7ffaa94d0000 of 64 bytes failed: Only part of a ReadProcessMemory or WriteProcessMemory request was completed. (0x12B)
[0902/142311.193:WARNING:pe_image_reader.cc(340)] could not read dos header from C:\WINDOWS\SYSTEM32\SSPICLI.DLL
[0902/142311.193:ERROR:process_memory_win.cc(73)] ReadMemory at 0x25de0360000 of 64 bytes failed: Only part of a ReadProcessMemory or WriteProcessMemory request was completed. (0x12B)
[0902/142311.193:WARNING:pe_image_reader.cc(340)] could not read dos header from C:\WINDOWS\System32\IMM32.DLL
[0902/142311.193:ERROR:process_memory_win.cc(73)] ReadMemory at 0x7ffaaaef0000 of 64 bytes failed: Only part of a ReadProcessMemory or WriteProcessMemory request was completed. (0x12B)
[0902/142311.193:WARNING:pe_image_reader.cc(340)] could not read dos header from C:\WINDOWS\System32\SHELL32.dll
[0902/142311.193:ERROR:process_memory_win.cc(73)] ReadMemory at 0x7ffaa9ec0000 of 64 bytes failed: Only part of a ReadProcessMemory or WriteProcessMemory request was completed. (0x12B)
[0902/142311.193:WARNING:pe_image_reader.cc(340)] could not read dos header from C:\WINDOWS\System32\windows.storage.dll
[0902/142311.193:ERROR:process_memory_win.cc(73)] ReadMemory at 0x7ffaa95e0000 of 64 bytes failed: Only part of a ReadProcessMemory or WriteProcessMemory request was completed. (0x12B)
[0902/142311.193:WARNING:pe_image_reader.cc(340)] could not read dos header from C:\WINDOWS\System32\powrprof.dll
[0902/142311.193:ERROR:process_memory_win.cc(73)] ReadMemory at 0x7ffaa95b0000 of 64 bytes failed: Only part of a ReadProcessMemory or WriteProcessMemory request was completed. (0x12B)
[0902/142311.193:WARNING:pe_image_reader.cc(340)] could not read dos header from C:\WINDOWS\System32\UMPDC.dll
[0902/142311.193:ERROR:process_memory_win.cc(73)] ReadMemory at 0x7ffaab750000 of 64 bytes failed: Only part of a ReadProcessMemory or WriteProcessMemory request was completed. (0x12B)
[0902/142311.193:WARNING:pe_image_reader.cc(340)] could not read dos header from C:\WINDOWS\System32\shlwapi.dll
[0902/142311.193:ERROR:process_memory_win.cc(73)] ReadMemory at 0x7ffaa98b0000 of 64 bytes failed: Only part of a ReadProcessMemory or WriteProcessMemory request was completed. (0x12B)
[0902/142311.193:WARNING:pe_image_reader.cc(340)] could not read dos header from C:\WINDOWS\System32\cryptsp.dll
[0902/142311.194:ERROR:process_memory_win.cc(73)] ReadMemory at 0x7ffaa8f90000 of 64 bytes failed: Only part of a ReadProcessMemory or WriteProcessMemory request was completed. (0x12B)
[0902/142311.194:WARNING:pe_image_reader.cc(340)] could not read dos header from C:\WINDOWS\SYSTEM32\CRYPTBASE.DLL
[0902/142311.194:ERROR:process_memory_win.cc(73)] ReadMemory at 0x7ff660f80000 of 64 bytes failed: Only part of a ReadProcessMemory or WriteProcessMemory request was completed. (0x12B)
[0902/142311.194:WARNING:pe_image_reader.cc(340)] could not read dos header from C:\Program Files (x86)\Google\Chrome\Application\chrome.exe
[0902/142311.194:ERROR:process_memory_win.cc(73)] ReadMemory at 0x7ffaac6e0000 of 64 bytes failed: Only part of a ReadProcessMemory or WriteProcessMemory request was completed. (0x12B)
[0902/142311.194:WARNING:pe_image_reader.cc(340)] could not read dos header from C:\WINDOWS\SYSTEM32\ntdll.dll
[0902/142311.194:ERROR:process_memory_win.cc(73)] ReadMemory at 0x7ffaac120000 of 64 bytes failed: Only part of a ReadProcessMemory or WriteProcessMemory request was completed. (0x12B)
[0902/142311.194:WARNING:pe_image_reader.cc(340)] could not read dos header from C:\WINDOWS\System32\KERNEL32.DLL
[0902/142311.194:ERROR:process_memory_win.cc(73)] ReadMemory at 0x7ffaa99f0000 of 64 bytes failed: Only part of a ReadProcessMemory or WriteProcessMemory request was completed. (0x12B)
[0902/142311.194:WARNING:pe_image_reader.cc(340)] could not read dos header from C:\WINDOWS\System32\KERNELBASE.dll
[0902/142311.194:ERROR:process_memory_win.cc(73)] ReadMemory at 0x7ffa73890000 of 64 bytes failed: Only part of a ReadProcessMemory or WriteProcessMemory request was completed. (0x12B)
[0902/142311.194:WARNING:pe_image_reader.cc(340)] could not read dos header from C:\Program Files (x86)\Google\Chrome\Application\76.0.3809.100\chrome_elf.dll
[0902/142311.194:ERROR:process_memory_win.cc(73)] ReadMemory at 0x7ffaa8520000 of 64 bytes failed: Only part of a ReadProcessMemory or WriteProcessMemory request was completed. (0x12B)
[0902/142311.194:WARNING:pe_image_reader.cc(340)] could not read dos header from C:\WINDOWS\SYSTEM32\VERSION.dll
[0902/142311.195:ERROR:process_memory_win.cc(73)] ReadMemory at 0x7ffaab6b0000 of 64 bytes failed: Only part of a ReadProcessMemory or WriteProcessMemory request was completed. (0x12B)
[0902/142311.195:WARNING:pe_image_reader.cc(340)] could not read dos header from C:\WINDOWS\System32\msvcrt.dll
[0902/142311.195:ERROR:process_memory_win.cc(73)] ReadMemory at 0x7ffaa9970000 of 64 bytes failed: Only part of a ReadProcessMemory or WriteProcessMemory request was completed. (0x12B)
[0902/142311.195:WARNING:pe_image_reader.cc(340)] could not read dos header from C:\WINDOWS\System32\bcryptPrimitives.dll
[0902/142311.195:ERROR:process_memory_win.cc(73)] ReadMemory at 0x7ffaaad60000 of 64 bytes failed: Only part of a ReadProcessMemory or WriteProcessMemory request was completed. (0x12B)
[0902/142311.195:WARNING:pe_image_reader.cc(340)] could not read dos header from C:\WINDOWS\System32\ADVAPI32.dll
[0902/142311.195:ERROR:process_memory_win.cc(73)] ReadMemory at 0x7ffaaa980000 of 64 bytes failed: Only part of a ReadProcessMemory or WriteProcessMemory request was completed. (0x12B)
[0902/142311.195:WARNING:pe_image_reader.cc(340)] could not read dos header from C:\WINDOWS\System32\sechost.dll
[0902/142311.195:ERROR:process_memory_win.cc(73)] ReadMemory at 0x7ffaab7b0000 of 64 bytes failed: Only part of a ReadProcessMemory or WriteProcessMemory request was completed. (0x12B)
[0902/142311.195:WARNING:pe_image_reader.cc(340)] could not read dos header from C:\WINDOWS\System32\RPCRT4.dll
[0902/142311.195:ERROR:process_memory_win.cc(73)] ReadMemory at 0x7ffa65b10000 of 64 bytes failed: Only part of a ReadProcessMemory or WriteProcessMemory request was completed. (0x12B)
[0902/142311.195:WARNING:pe_image_reader.cc(340)] could not read dos header from C:\Program Files (x86)\Google\Chrome\Application\76.0.3809.100\chrome_child.dll
[0902/142311.195:ERROR:process_memory_win.cc(73)] ReadMemory at 0x7ffaaba10000 of 64 bytes failed: Only part of a ReadProcessMemory or WriteProcessMemory request was completed. (0x12B)
[0902/142311.196:WARNING:pe_image_reader.cc(340)] could not read dos header from C:\WINDOWS\System32\OLEAUT32.dll
[0902/142311.196:ERROR:process_memory_win.cc(73)] ReadMemory at 0x7ffaa98d0000 of 64 bytes failed: Only part of a ReadProcessMemory or WriteProcessMemory request was completed. (0x12B)
[0902/142311.196:WARNING:pe_image_reader.cc(340)] could not read dos header from C:\WINDOWS\System32\msvcp_win.dll
[0902/142311.196:ERROR:process_memory_win.cc(73)] ReadMemory at 0x7ffaa9670000 of 64 bytes failed: Only part of a ReadProcessMemory or WriteProcessMemory request was completed. (0x12B)
[0902/142311.196:WARNING:pe_image_reader.cc(340)] could not read dos header from C:\WINDOWS\System32\ucrtbase.dll
[0902/142311.196:ERROR:process_memory_win.cc(73)] ReadMemory at 0x7ffaaaa20000 of 64 bytes failed: Only part of a ReadProcessMemory or WriteProcessMemory request was completed. (0x12B)
[0902/142311.196:WARNING:pe_image_reader.cc(340)] could not read dos header from C:\WINDOWS\System32\combase.dll
[0902/142311.196:ERROR:process_memory_win.cc(73)] ReadMemory at 0x7ffaab940000 of 64 bytes failed: Only part of a ReadProcessMemory or WriteProcessMemory request was completed. (0x12B)
[0902/142311.196:WARNING:pe_image_reader.cc(340)] could not read dos header from C:\WINDOWS\System32\WS2_32.dll
[0902/142311.197:ERROR:process_memory_win.cc(73)] ReadMemory at 0x7ffaab9d0000 of 64 bytes failed: Only part of a ReadProcessMemory or WriteProcessMemory request was completed. (0x12B)
[0902/142311.197:WARNING:pe_image_reader.cc(340)] could not read dos header from C:\WINDOWS\System32\GDI32.dll
[0902/142311.197:ERROR:process_memory_win.cc(73)] ReadMemory at 0x7ffaa9e90000 of 64 bytes failed: Only part of a ReadProcessMemory or WriteProcessMemory request was completed. (0x12B)
[0902/142311.197:WARNING:pe_image_reader.cc(340)] could not read dos header from C:\WINDOWS\System32\win32u.dll
[0902/142311.197:ERROR:process_memory_win.cc(73)] ReadMemory at 0x7ffaa9ca0000 of 64 bytes failed: Only part of a ReadProcessMemory or WriteProcessMemory request was completed. (0x12B)
[0902/142311.197:WARNING:pe_image_reader.cc(340)] could not read dos header from C:\WINDOWS\System32\gdi32full.dll
[0902/142311.197:ERROR:process_memory_win.cc(73)] ReadMemory at 0x7ffaabf50000 of 64 bytes failed: Only part of a ReadProcessMemory or WriteProcessMemory request was completed. (0x12B)
[0902/142311.197:WARNING:pe_image_reader.cc(340)] could not read dos header from C:\WINDOWS\System32\USER32.dll
[0902/142311.197:ERROR:process_memory_win.cc(73)] ReadMemory at 0x7ffaa97a0000 of 64 bytes failed: Only part of a ReadProcessMemory or WriteProcessMemory request was completed. (0x12B)
[0902/142311.197:WARNING:pe_image_reader.cc(340)] could not read dos header from C:\WINDOWS\System32\WINTRUST.dll
[0902/142311.197:ERROR:process_memory_win.cc(73)] ReadMemory at 0x7ffaa9650000 of 64 bytes failed: Only part of a ReadProcessMemory or WriteProcessMemory request was completed. (0x12B)
[0902/142311.197:WARNING:pe_image_reader.cc(340)] could not read dos header from C:\WINDOWS\System32\MSASN1.dll
[0902/142311.197:ERROR:process_memory_win.cc(73)] ReadMemory at 0x7ffaaa640000 of 64 bytes failed: Only part of a ReadProcessMemory or WriteProcessMemory request was completed. (0x12B)
[0902/142311.197:WARNING:pe_image_reader.cc(340)] could not read dos header from C:\WINDOWS\System32\CRYPT32.dll
[0902/142311.197:ERROR:process_memory_win.cc(73)] ReadMemory at 0x7ffaa8ad0000 of 64 bytes failed: Only part of a ReadProcessMemory or WriteProcessMemory request was completed. (0x12B)
[0902/142311.198:WARNING:pe_image_reader.cc(340)] could not read dos header from C:\WINDOWS\SYSTEM32\IPHLPAPI.DLL
[0902/142311.198:ERROR:process_memory_win.cc(73)] ReadMemory at 0x7ffa9dde0000 of 64 bytes failed: Only part of a ReadProcessMemory or WriteProcessMemory request was completed. (0x12B)
[0902/142311.198:WARNING:pe_image_reader.cc(340)] could not read dos header from C:\WINDOWS\SYSTEM32\WINMM.dll
[0902/142311.198:ERROR:process_memory_win.cc(73)] ReadMemory at 0x7ffaa94a0000 of 64 bytes failed: Only part of a ReadProcessMemory or WriteProcessMemory request was completed. (0x12B)
[0902/142311.198:WARNING:pe_image_reader.cc(340)] could not read dos header from C:\WINDOWS\SYSTEM32\USERENV.dll
[0902/142311.198:ERROR:process_memory_win.cc(73)] ReadMemory at 0x7ffaa9630000 of 64 bytes failed: Only part of a ReadProcessMemory or WriteProcessMemory request was completed. (0x12B)
[0902/142311.198:WARNING:pe_image_reader.cc(340)] could not read dos header from C:\WINDOWS\System32\profapi.dll
[0902/142311.198:ERROR:process_memory_win.cc(73)] ReadMemory at 0x7ffa86810000 of 64 bytes failed: Only part of a ReadProcessMemory or WriteProcessMemory request was completed. (0x12B)
[0902/142311.198:WARNING:pe_image_reader.cc(340)] could not read dos header from C:\WINDOWS\SYSTEM32\DWrite.dll
[0902/142311.198:ERROR:process_memory_win.cc(73)] ReadMemory at 0x7ffa992d0000 of 64 bytes failed: Only part of a ReadProcessMemory or WriteProcessMemory request was completed. (0x12B)
[0902/142311.198:WARNING:pe_image_reader.cc(340)] could not read dos header from C:\WINDOWS\SYSTEM32\WINSPOOL.DRV
[0902/142311.198:ERROR:process_memory_win.cc(73)] ReadMemory at 0x7ffaa95c0000 of 64 bytes failed: Only part of a ReadProcessMemory or WriteProcessMemory request was completed. (0x12B)
[0902/142311.198:WARNING:pe_image_reader.cc(340)] could not read dos header from C:\WINDOWS\System32\kernel.appcore.dll
[0902/142311.198:ERROR:process_memory_win.cc(73)] ReadMemory at 0x7ffaa9770000 of 64 bytes failed: Only part of a ReadProcessMemory or WriteProcessMemory request was completed. (0x12B)
[0902/142311.198:WARNING:pe_image_reader.cc(340)] could not read dos header from C:\WINDOWS\System32\bcrypt.dll
[0902/142311.199:ERROR:process_memory_win.cc(73)] ReadMemory at 0x7ffaa7a60000 of 64 bytes failed: Only part of a ReadProcessMemory or WriteProcessMemory request was completed. (0x12B)
[0902/142311.199:WARNING:pe_image_reader.cc(340)] could not read dos header from C:\WINDOWS\SYSTEM32\dbghelp.dll
[0902/142311.199:ERROR:process_memory_win.cc(73)] ReadMemory at 0x7ffaa26e0000 of 64 bytes failed: Only part of a ReadProcessMemory or WriteProcessMemory request was completed. (0x12B)
[0902/142311.199:WARNING:pe_image_reader.cc(340)] could not read dos header from C:\WINDOWS\SYSTEM32\WINHTTP.dll
[0902/142311.199:ERROR:process_memory_win.cc(73)] ReadMemory at 0x7ffaa85a0000 of 64 bytes failed: Only part of a ReadProcessMemory or WriteProcessMemory request was completed. (0x12B)
[0902/142311.199:WARNING:pe_image_reader.cc(340)] could not read dos header from C:\WINDOWS\SYSTEM32\Secur32.dll
[0902/142311.199:ERROR:process_memory_win.cc(73)] ReadMemory at 0x7ffa9d4a0000 of 64 bytes failed: Only part of a ReadProcessMemory or WriteProcessMemory request was completed. (0x12B)
[0902/142311.199:WARNING:pe_image_reader.cc(340)] could not read dos header from C:\WINDOWS\SYSTEM32\dhcpcsvc.DLL
[0902/142311.199:ERROR:process_memory_win.cc(73)] ReadMemory at 0x7ffaab8d0000 of 64 bytes failed: Only part of a ReadProcessMemory or WriteProcessMemory request was completed. (0x12B)
[0902/142311.199:WARNING:pe_image_reader.cc(340)] could not read dos header from C:\WINDOWS\System32\NSI.dll
[0902/142311.199:ERROR:process_memory_win.cc(73)] ReadMemory at 0x7ffa9dd70000 of 64 bytes failed: Only part of a ReadProcessMemory or WriteProcessMemory request was completed. (0x12B)
[0902/142311.199:WARNING:pe_image_reader.cc(340)] could not read dos header from C:\WINDOWS\SYSTEM32\WINMMBASE.dll
[0902/142311.199:ERROR:process_memory_win.cc(73)] ReadMemory at 0x7ffaa9e40000 of 64 bytes failed: Only part of a ReadProcessMemory or WriteProcessMemory request was completed. (0x12B)
[0902/142311.199:WARNING:pe_image_reader.cc(340)] could not read dos header from C:\WINDOWS\System32\cfgmgr32.dll
[0902/142311.199:ERROR:process_memory_win.cc(73)] ReadMemory at 0x7ffaa5810000 of 64 bytes failed: Only part of a ReadProcessMemory or WriteProcessMemory request was completed. (0x12B)
[0902/142311.200:WARNING:pe_image_reader.cc(340)] could not read dos header from C:\WINDOWS\SYSTEM32\PROPSYS.dll
[0902/142311.200:ERROR:process_memory_win.cc(73)] ReadMemory at 0x7ffaac250000 of 64 bytes failed: Only part of a ReadProcessMemory or WriteProcessMemory request was completed. (0x12B)
[0902/142311.200:WARNING:pe_image_reader.cc(340)] could not read dos header from C:\WINDOWS\System32\shcore.dll
[0902/142311.200:ERROR:process_memory_win.cc(73)] ReadMemory at 0x7ffaa94d0000 of 64 bytes failed: Only part of a ReadProcessMemory or WriteProcessMemory request was completed. (0x12B)
[0902/142311.200:WARNING:pe_image_reader.cc(340)] could not read dos header from C:\WINDOWS\SYSTEM32\SSPICLI.DLL
[0902/142311.200:ERROR:process_memory_win.cc(73)] ReadMemory at 0x25de0360000 of 64 bytes failed: Only part of a ReadProcessMemory or WriteProcessMemory request was completed. (0x12B)
[0902/142311.200:WARNING:pe_image_reader.cc(340)] could not read dos header from C:\WINDOWS\System32\IMM32.DLL
[0902/142311.200:ERROR:process_memory_win.cc(73)] ReadMemory at 0x7ffaaaef0000 of 64 bytes failed: Only part of a ReadProcessMemory or WriteProcessMemory request was completed. (0x12B)
[0902/142311.200:WARNING:pe_image_reader.cc(340)] could not read dos header from C:\WINDOWS\System32\SHELL32.dll
[0902/142311.200:ERROR:process_memory_win.cc(73)] ReadMemory at 0x7ffaa9ec0000 of 64 bytes failed: Only part of a ReadProcessMemory or WriteProcessMemory request was completed. (0x12B)
[0902/142311.200:WARNING:pe_image_reader.cc(340)] could not read dos header from C:\WINDOWS\System32\windows.storage.dll
[0902/142311.200:ERROR:process_memory_win.cc(73)] ReadMemory at 0x7ffaa95e0000 of 64 bytes failed: Only part of a ReadProcessMemory or WriteProcessMemory request was completed. (0x12B)
[0902/142311.200:WARNING:pe_image_reader.cc(340)] could not read dos header from C:\WINDOWS\System32\powrprof.dll
[0902/142311.200:ERROR:process_memory_win.cc(73)] ReadMemory at 0x7ffaa95b0000 of 64 bytes failed: Only part of a ReadProcessMemory or WriteProcessMemory request was completed. (0x12B)
[0902/142311.200:WARNING:pe_image_reader.cc(340)] could not read dos header from C:\WINDOWS\System32\UMPDC.dll
[0902/142311.201:ERROR:process_memory_win.cc(73)] ReadMemory at 0x7ffaab750000 of 64 bytes failed: Only part of a ReadProcessMemory or WriteProcessMemory request was completed. (0x12B)
[0902/142311.201:WARNING:pe_image_reader.cc(340)] could not read dos header from C:\WINDOWS\System32\shlwapi.dll
[0902/142311.201:ERROR:process_memory_win.cc(73)] ReadMemory at 0x7ffaa98b0000 of 64 bytes failed: Only part of a ReadProcessMemory or WriteProcessMemory request was completed. (0x12B)
[0902/142311.201:WARNING:pe_image_reader.cc(340)] could not read dos header from C:\WINDOWS\System32\cryptsp.dll
[0902/142311.201:ERROR:process_memory_win.cc(73)] ReadMemory at 0x7ffaa8f90000 of 64 bytes failed: Only part of a ReadProcessMemory or WriteProcessMemory request was completed. (0x12B)
[0902/142311.201:WARNING:pe_image_reader.cc(340)] could not read dos header from C:\WINDOWS\SYSTEM32\CRYPTBASE.DLL
[0902/142311.227:ERROR:process_memory_win.cc(73)] ReadMemory at 0x79001f8000 of 32768 bytes failed: Only part of a ReadProcessMemory or WriteProcessMemory request was completed. (0x12B)
[0902/142311.227:ERROR:process_memory_win.cc(73)] ReadMemory at 0x79003fd000 of 12288 bytes failed: Only part of a ReadProcessMemory or WriteProcessMemory request was completed. (0x12B)
[0902/142311.227:ERROR:process_memory_win.cc(73)] ReadMemory at 0x79005fd000 of 12288 bytes failed: Only part of a ReadProcessMemory or WriteProcessMemory request was completed. (0x12B)
[0902/142311.227:ERROR:process_memory_win.cc(73)] ReadMemory at 0x79007fc000 of 16384 bytes failed: Only part of a ReadProcessMemory or WriteProcessMemory request was completed. (0x12B)
[0902/142311.228:ERROR:process_memory_win.cc(73)] ReadMemory at 0x79009fc000 of 16384 bytes failed: Only part of a ReadProcessMemory or WriteProcessMemory request was completed. (0x12B)
[0902/142311.228:ERROR:process_memory_win.cc(73)] ReadMemory at 0x7900bff000 of 4096 bytes failed: Only part of a ReadProcessMemory or WriteProcessMemory request was completed. (0x12B)
[0902/142311.228:ERROR:process_memory_win.cc(73)] ReadMemory at 0x7900dfd000 of 12288 bytes failed: Only part of a ReadProcessMemory or WriteProcessMemory request was completed. (0x12B)
[0902/142311.228:ERROR:process_memory_win.cc(73)] ReadMemory at 0x7900ffb000 of 20480 bytes failed: Only part of a ReadProcessMemory or WriteProcessMemory request was completed. (0x12B)
[0902/142311.228:ERROR:process_memory_win.cc(73)] ReadMemory at 0x79011fd000 of 12288 bytes failed: Only part of a ReadProcessMemory or WriteProcessMemory request was completed. (0x12B)
[0902/142311.229:ERROR:process_memory_win.cc(73)] ReadMemory at 0x79013fd000 of 12288 bytes failed: Only part of a ReadProcessMemory or WriteProcessMemory request was completed. (0x12B)
[0902/142311.229:ERROR:process_memory_win.cc(73)] ReadMemory at 0x79015fd000 of 12288 bytes failed: Only part of a ReadProcessMemory or WriteProcessMemory request was completed. (0x12B)
[0902/142311.229:ERROR:process_memory_win.cc(73)] ReadMemory at 0x79017fd000 of 12288 bytes failed: Only part of a ReadProcessMemory or WriteProcessMemory request was completed. (0x12B)
[0902/142311.229:ERROR:process_memory_win.cc(73)] ReadMemory at 0x79019fd000 of 12288 bytes failed: Only part of a ReadProcessMemory or WriteProcessMemory request was completed. (0x12B)
[0902/142311.229:ERROR:process_memory_win.cc(73)] ReadMemory at 0x7901bfd000 of 12288 bytes failed: Only part of a ReadProcessMemory or WriteProcessMemory request was completed. (0x12B)
[0902/142311.229:ERROR:process_memory_win.cc(73)] ReadMemory at 0x797ffb8000 of 852 bytes failed: Only part of a ReadProcessMemory or WriteProcessMemory request was completed. (0x12B)
[0902/142311.230:ERROR:process_memory_win.cc(73)] ReadMemory at 0x797ffb9000 of 6024 bytes failed: Only part of a ReadProcessMemory or WriteProcessMemory request was completed. (0x12B)
[0902/142311.230:ERROR:process_memory_win.cc(73)] ReadMemory at 0x797ffbb000 of 6024 bytes failed: Only part of a ReadProcessMemory or WriteProcessMemory request was completed. (0x12B)
[0902/142311.230:ERROR:process_memory_win.cc(73)] ReadMemory at 0x797ffbd000 of 6024 bytes failed: Only part of a ReadProcessMemory or WriteProcessMemory request was completed. (0x12B)
[0902/142311.230:ERROR:process_memory_win.cc(73)] ReadMemory at 0x797ffbf000 of 6024 bytes failed: Only part of a ReadProcessMemory or WriteProcessMemory request was completed. (0x12B)
[0902/142311.230:ERROR:process_memory_win.cc(73)] ReadMemory at 0x797ffc1000 of 6024 bytes failed: Only part of a ReadProcessMemory or WriteProcessMemory request was completed. (0x12B)
[0902/142311.230:ERROR:process_memory_win.cc(73)] ReadMemory at 0x797ffc3000 of 6024 bytes failed: Only part of a ReadProcessMemory or WriteProcessMemory request was completed. (0x12B)
[0902/142311.230:ERROR:process_memory_win.cc(73)] ReadMemory at 0x797ffc5000 of 6024 bytes failed: Only part of a ReadProcessMemory or WriteProcessMemory request was completed. (0x12B)
[0902/142311.231:ERROR:process_memory_win.cc(73)] ReadMemory at 0x797ffc7000 of 6024 bytes failed: Only part of a ReadProcessMemory or WriteProcessMemory request was completed. (0x12B)
[0902/142311.231:ERROR:process_memory_win.cc(73)] ReadMemory at 0x797ffc9000 of 6024 bytes failed: Only part of a ReadProcessMemory or WriteProcessMemory request was completed. (0x12B)
[0902/142311.231:ERROR:process_memory_win.cc(73)] ReadMemory at 0x797ffcb000 of 6024 bytes failed: Only part of a ReadProcessMemory or WriteProcessMemory request was completed. (0x12B)
[0902/142311.231:ERROR:process_memory_win.cc(73)] ReadMemory at 0x797ffcd000 of 6024 bytes failed: Only part of a ReadProcessMemory or WriteProcessMemory request was completed. (0x12B)
[0902/142311.231:ERROR:process_memory_win.cc(73)] ReadMemory at 0x797ffcf000 of 6024 bytes failed: Only part of a ReadProcessMemory or WriteProcessMemory request was completed. (0x12B)
[0902/142311.231:ERROR:process_memory_win.cc(73)] ReadMemory at 0x797ffd1000 of 6024 bytes failed: Only part of a ReadProcessMemory or WriteProcessMemory request was completed. (0x12B)
[0902/142311.231:ERROR:process_memory_win.cc(73)] ReadMemory at 0x797ffd3000 of 6024 bytes failed: Only part of a ReadProcessMemory or WriteProcessMemory request was completed. (0x12B)
[0902/142311.231:ERROR:process_memory_win.cc(73)] ReadMemory at 0x25de0260fe0 of 5794 bytes failed: Only part of a ReadProcessMemory or WriteProcessMemory request was completed. (0x12B)
[0902/142311.232:ERROR:process_memory_win.cc(73)] ReadMemory at 0x25de0262690 of 1012 bytes failed: Only part of a ReadProcessMemory or WriteProcessMemory request was completed. (0x12B)
[0902/142311.232:ERROR:process_memory_win.cc(73)] ReadMemory at 0x25de0262cd8 of 118 bytes failed: Only part of a ReadProcessMemory or WriteProcessMemory request was completed. (0x12B)
[0902/142311.232:ERROR:process_memory_win.cc(73)] ReadMemory at 0x25de0262d50 of 1234 bytes failed: Only part of a ReadProcessMemory or WriteProcessMemory request was completed. (0x12B)
[0902/142311.232:ERROR:process_memory_win.cc(73)] ReadMemory at 0x25de0263224 of 118 bytes failed: Only part of a ReadProcessMemory or WriteProcessMemory request was completed. (0x12B)
[0902/142311.232:ERROR:process_memory_win.cc(73)] ReadMemory at 0x25de026329c of 96 bytes failed: Only part of a ReadProcessMemory or WriteProcessMemory request was completed. (0x12B)
[0902/142311.232:ERROR:process_memory_win.cc(73)] ReadMemory at 0x25de0263310 of 58 bytes failed: Only part of a ReadProcessMemory or WriteProcessMemory request was completed. (0x12B)
[0902/142311.232:ERROR:process_memory_win.cc(73)] ReadMemory at 0x25de0263410 of 132 bytes failed: Only part of a ReadProcessMemory or WriteProcessMemory request was completed. (0x12B)
[0902/142311.232:ERROR:process_memory_win.cc(73)] ReadMemory at 0x25de02635a0 of 132 bytes failed: Only part of a ReadProcessMemory or WriteProcessMemory request was completed. (0x12B)
[0902/142311.233:ERROR:process_memory_win.cc(73)] ReadMemory at 0x25de0263760 of 126 bytes failed: Only part of a ReadProcessMemory or WriteProcessMemory request was completed. (0x12B)
[0902/142311.233:ERROR:process_memory_win.cc(73)] ReadMemory at 0x25de0263b40 of 132 bytes failed: Only part of a ReadProcessMemory or WriteProcessMemory request was completed. (0x12B)
[0902/142311.233:ERROR:process_memory_win.cc(73)] ReadMemory at 0x25de0263cd0 of 64 bytes failed: Only part of a ReadProcessMemory or WriteProcessMemory request was completed. (0x12B)
[0902/142311.233:ERROR:process_memory_win.cc(73)] ReadMemory at 0x25de0263e90 of 132 bytes failed: Only part of a ReadProcessMemory or WriteProcessMemory request was completed. (0x12B)
[0902/142311.233:ERROR:process_memory_win.cc(73)] ReadMemory at 0x25de0264130 of 132 bytes failed: Only part of a ReadProcessMemory or WriteProcessMemory request was completed. (0x12B)
[0902/142311.233:ERROR:process_memory_win.cc(73)] ReadMemory at 0x25de02642c0 of 68 bytes failed: Only part of a ReadProcessMemory or WriteProcessMemory request was completed. (0x12B)
[0902/142311.234:ERROR:process_memory_win.cc(73)] ReadMemory at 0x25de02653a0 of 158 bytes failed: Only part of a ReadProcessMemory or WriteProcessMemory request was completed. (0x12B)
[0902/142311.234:ERROR:process_memory_win.cc(73)] ReadMemory at 0x25de0265480 of 132 bytes failed: Only part of a ReadProcessMemory or WriteProcessMemory request was completed. (0x12B)
[0902/142311.234:ERROR:process_memory_win.cc(73)] ReadMemory at 0x25de0265610 of 154 bytes failed: Only part of a ReadProcessMemory or WriteProcessMemory request was completed. (0x12B)
[0902/142311.234:ERROR:process_memory_win.cc(73)] ReadMemory at 0x25de0266400 of 62 bytes failed: Only part of a ReadProcessMemory or WriteProcessMemory request was completed. (0x12B)
[0902/142311.234:ERROR:process_memory_win.cc(73)] ReadMemory at 0x25de0266450 of 132 bytes failed: Only part of a ReadProcessMemory or WriteProcessMemory request was completed. (0x12B)
[0902/142311.234:ERROR:process_memory_win.cc(73)] ReadMemory at 0x25de02665f0 of 132 bytes failed: Only part of a ReadProcessMemory or WriteProcessMemory request was completed. (0x12B)
[0902/142311.234:ERROR:process_memory_win.cc(73)] ReadMemory at 0x25de0266720 of 60 bytes failed: Only part of a ReadProcessMemory or WriteProcessMemory request was completed. (0x12B)
[0902/142311.235:ERROR:process_memory_win.cc(73)] ReadMemory at 0x25de02670fc of 512 bytes failed: Only part of a ReadProcessMemory or WriteProcessMemory request was completed. (0x12B)
[0902/142311.235:ERROR:process_memory_win.cc(73)] ReadMemory at 0x25de0267510 of 132 bytes failed: Only part of a ReadProcessMemory or WriteProcessMemory request was completed. (0x12B)
[0902/142311.235:ERROR:process_memory_win.cc(73)] ReadMemory at 0x25de026a430 of 132 bytes failed: Only part of a ReadProcessMemory or WriteProcessMemory request was completed. (0x12B)
[0902/142311.235:ERROR:process_memory_win.cc(73)] ReadMemory at 0x25de026a600 of 132 bytes failed: Only part of a ReadProcessMemory or WriteProcessMemory request was completed. (0x12B)
[0902/142311.235:ERROR:process_memory_win.cc(73)] ReadMemory at 0x25de026a780 of 80 bytes failed: Only part of a ReadProcessMemory or WriteProcessMemory request was completed. (0x12B)
[0902/142311.235:ERROR:process_memory_win.cc(73)] ReadMemory at 0x25de026b570 of 64 bytes failed: Only part of a ReadProcessMemory or WriteProcessMemory request was completed. (0x12B)
[0902/142311.235:ERROR:process_memory_win.cc(73)] ReadMemory at 0x25de026b660 of 64 bytes failed: Only part of a ReadProcessMemory or WriteProcessMemory request was completed. (0x12B)
[0902/142311.236:ERROR:process_memory_win.cc(73)] ReadMemory at 0x25de026b6b0 of 60 bytes failed: Only part of a ReadProcessMemory or WriteProcessMemory request was completed. (0x12B)
[0902/142311.236:ERROR:process_memory_win.cc(73)] ReadMemory at 0x25de026b700 of 66 bytes failed: Only part of a ReadProcessMemory or WriteProcessMemory request was completed. (0x12B)
[0902/142311.236:ERROR:process_memory_win.cc(73)] ReadMemory at 0x25de026b750 of 64 bytes failed: Only part of a ReadProcessMemory or WriteProcessMemory request was completed. (0x12B)
[0902/142311.236:ERROR:process_memory_win.cc(73)] ReadMemory at 0x25de026b7a0 of 62 bytes failed: Only part of a ReadProcessMemory or WriteProcessMemory request was completed. (0x12B)
[0902/142311.236:ERROR:process_memory_win.cc(73)] ReadMemory at 0x25de026b980 of 58 bytes failed: Only part of a ReadProcessMemory or WriteProcessMemory request was completed. (0x12B)
[0902/142311.236:ERROR:process_memory_win.cc(73)] ReadMemory at 0x25de026bb10 of 60 bytes failed: Only part of a ReadProcessMemory or WriteProcessMemory request was completed. (0x12B)
[0902/142311.237:ERROR:process_memory_win.cc(73)] ReadMemory at 0x25de026bb60 of 62 bytes failed: Only part of a ReadProcessMemory or WriteProcessMemory request was completed. (0x12B)
[0902/142311.237:ERROR:process_memory_win.cc(73)] ReadMemory at 0x25de026bdc0 of 132 bytes failed: Only part of a ReadProcessMemory or WriteProcessMemory request was completed. (0x12B)
[0902/142311.237:ERROR:process_memory_win.cc(73)] ReadMemory at 0x25de026bef0 of 132 bytes failed: Only part of a ReadProcessMemory or WriteProcessMemory request was completed. (0x12B)
[0902/142311.237:ERROR:process_memory_win.cc(73)] ReadMemory at 0x25de026c020 of 132 bytes failed: Only part of a ReadProcessMemory or WriteProcessMemory request was completed. (0x12B)
[0902/142311.237:ERROR:process_memory_win.cc(73)] ReadMemory at 0x25de026c150 of 132 bytes failed: Only part of a ReadProcessMemory or WriteProcessMemory request was completed. (0x12B)
[0902/142311.237:ERROR:process_memory_win.cc(73)] ReadMemory at 0x25de026c280 of 132 bytes failed: Only part of a ReadProcessMemory or WriteProcessMemory request was completed. (0x12B)
[0902/142311.237:ERROR:process_memory_win.cc(73)] ReadMemory at 0x25de026c3b0 of 132 bytes failed: Only part of a ReadProcessMemory or WriteProcessMemory request was completed. (0x12B)
[0902/142311.238:ERROR:process_memory_win.cc(73)] ReadMemory at 0x25de026c4e0 of 132 bytes failed: Only part of a ReadProcessMemory or WriteProcessMemory request was completed. (0x12B)
[0902/142311.238:ERROR:process_memory_win.cc(73)] ReadMemory at 0x25de026c610 of 132 bytes failed: Only part of a ReadProcessMemory or WriteProcessMemory request was completed. (0x12B)
[0902/142311.238:ERROR:process_memory_win.cc(73)] ReadMemory at 0x25de026c740 of 132 bytes failed: Only part of a ReadProcessMemory or WriteProcessMemory request was completed. (0x12B)
[0902/142311.238:ERROR:process_memory_win.cc(73)] ReadMemory at 0x25de026c870 of 132 bytes failed: Only part of a ReadProcessMemory or WriteProcessMemory request was completed. (0x12B)
[0902/142311.238:ERROR:process_memory_win.cc(73)] ReadMemory at 0x25de026c9a0 of 132 bytes failed: Only part of a ReadProcessMemory or WriteProcessMemory request was completed. (0x12B)
[0902/142311.238:ERROR:process_memory_win.cc(73)] ReadMemory at 0x25de026cad0 of 132 bytes failed: Only part of a ReadProcessMemory or WriteProcessMemory request was completed. (0x12B)
[0902/142311.238:ERROR:process_memory_win.cc(73)] ReadMemory at 0x25de026d360 of 76 bytes failed: Only part of a ReadProcessMemory or WriteProcessMemory request was completed. (0x12B)
[0902/142311.239:ERROR:process_memory_win.cc(73)] ReadMemory at 0x25de026d7e0 of 78 bytes failed: Only part of a ReadProcessMemory or WriteProcessMemory request was completed. (0x12B)
[0902/142311.239:ERROR:process_memory_win.cc(73)] ReadMemory at 0x25de026f3c0 of 132 bytes failed: Only part of a ReadProcessMemory or WriteProcessMemory request was completed. (0x12B)
[0902/142311.239:ERROR:process_memory_win.cc(73)] ReadMemory at 0x25de0270e50 of 132 bytes failed: Only part of a ReadProcessMemory or WriteProcessMemory request was completed. (0x12B)
[0902/142311.239:ERROR:process_memory_win.cc(73)] ReadMemory at 0x25de0272a40 of 132 bytes failed: Only part of a ReadProcessMemory or WriteProcessMemory request was completed. (0x12B)
[0902/142311.239:ERROR:process_memory_win.cc(73)] ReadMemory at 0x25de0272c50 of 132 bytes failed: Only part of a ReadProcessMemory or WriteProcessMemory request was completed. (0x12B)
[0902/142311.239:ERROR:process_memory_win.cc(73)] ReadMemory at 0x25de0272f30 of 132 bytes failed: Only part of a ReadProcessMemory or WriteProcessMemory request was completed. (0x12B)
[0902/142311.240:ERROR:process_memory_win.cc(73)] ReadMemory at 0x25de0275ac0 of 54 bytes failed: Only part of a ReadProcessMemory or WriteProcessMemory request was completed. (0x12B)
[0902/142311.240:ERROR:process_memory_win.cc(73)] ReadMemory at 0x25de0275da0 of 132 bytes failed: Only part of a ReadProcessMemory or WriteProcessMemory request was completed. (0x12B)
[0902/142311.240:ERROR:process_memory_win.cc(73)] ReadMemory at 0x25de0276020 of 66 bytes failed: Only part of a ReadProcessMemory or WriteProcessMemory request was completed. (0x12B)
[0902/142311.240:ERROR:process_memory_win.cc(73)] ReadMemory at 0x25de02760c0 of 60 bytes failed: Only part of a ReadProcessMemory or WriteProcessMemory request was completed. (0x12B)
[0902/142311.240:ERROR:process_memory_win.cc(73)] ReadMemory at 0x25de0276250 of 60 bytes failed: Only part of a ReadProcessMemory or WriteProcessMemory request was completed. (0x12B)
[0902/142311.240:ERROR:process_memory_win.cc(73)] ReadMemory at 0x25de02762f0 of 64 bytes failed: Only part of a ReadProcessMemory or WriteProcessMemory request was completed. (0x12B)
[0902/142311.241:ERROR:process_memory_win.cc(73)] ReadMemory at 0x25de02763e0 of 64 bytes failed: Only part of a ReadProcessMemory or WriteProcessMemory request was completed. (0x12B)
[0902/142311.241:ERROR:process_memory_win.cc(73)] ReadMemory at 0x25de0276430 of 58 bytes failed: Only part of a ReadProcessMemory or WriteProcessMemory request was completed. (0x12B)
[0902/142311.241:ERROR:process_memory_win.cc(73)] ReadMemory at 0x25de0276570 of 64 bytes failed: Only part of a ReadProcessMemory or WriteProcessMemory request was completed. (0x12B)
[0902/142311.241:ERROR:process_memory_win.cc(73)] ReadMemory at 0x25de02765c0 of 64 bytes failed: Only part of a ReadProcessMemory or WriteProcessMemory request was completed. (0x12B)
[0902/142311.241:ERROR:process_memory_win.cc(73)] ReadMemory at 0x25de0276610 of 60 bytes failed: Only part of a ReadProcessMemory or WriteProcessMemory request was completed. (0x12B)
[0902/142311.241:ERROR:process_memory_win.cc(73)] ReadMemory at 0x25de0276700 of 62 bytes failed: Only part of a ReadProcessMemory or WriteProcessMemory request was completed. (0x12B)
[0902/142311.241:ERROR:process_memory_win.cc(73)] ReadMemory at 0x25de0276750 of 62 bytes failed: Only part of a ReadProcessMemory or WriteProcessMemory request was completed. (0x12B)
[0902/142311.241:ERROR:process_memory_win.cc(73)] ReadMemory at 0x25de02767a0 of 58 bytes failed: Only part of a ReadProcessMemory or WriteProcessMemory request was completed. (0x12B)
[0902/142311.242:ERROR:process_memory_win.cc(73)] ReadMemory at 0x25de02768e0 of 62 bytes failed: Only part of a ReadProcessMemory or WriteProcessMemory request was completed. (0x12B)
[0902/142311.242:ERROR:process_memory_win.cc(73)] ReadMemory at 0x25de02769d0 of 60 bytes failed: Only part of a ReadProcessMemory or WriteProcessMemory request was completed. (0x12B)
[0902/142311.242:ERROR:process_memory_win.cc(73)] ReadMemory at 0x25de0276b10 of 64 bytes failed: Only part of a ReadProcessMemory or WriteProcessMemory request was completed. (0x12B)
[0902/142311.242:ERROR:process_memory_win.cc(73)] ReadMemory at 0x25de0276bb0 of 62 bytes failed: Only part of a ReadProcessMemory or WriteProcessMemory request was completed. (0x12B)
[0902/142311.242:ERROR:process_memory_win.cc(73)] ReadMemory at 0x25de0276c00 of 62 bytes failed: Only part of a ReadProcessMemory or WriteProcessMemory request was completed. (0x12B)
[0902/142311.242:ERROR:process_memory_win.cc(73)] ReadMemory at 0x25de0276ca0 of 62 bytes failed: Only part of a ReadProcessMemory or WriteProcessMemory request was completed. (0x12B)
[0902/142311.242:ERROR:process_memory_win.cc(73)] ReadMemory at 0x25de0276cf0 of 66 bytes failed: Only part of a ReadProcessMemory or WriteProcessMemory request was completed. (0x12B)
[0902/142311.242:ERROR:process_memory_win.cc(73)] ReadMemory at 0x25de0276e30 of 62 bytes failed: Only part of a ReadProcessMemory or WriteProcessMemory request was completed. (0x12B)
[0902/142311.242:ERROR:process_memory_win.cc(73)] ReadMemory at 0x25de0276e80 of 62 bytes failed: Only part of a ReadProcessMemory or WriteProcessMemory request was completed. (0x12B)
[0902/142311.243:ERROR:process_memory_win.cc(73)] ReadMemory at 0x25de0276ed0 of 60 bytes failed: Only part of a ReadProcessMemory or WriteProcessMemory request was completed. (0x12B)
[0902/142311.243:ERROR:process_memory_win.cc(73)] ReadMemory at 0x25de0276f70 of 60 bytes failed: Only part of a ReadProcessMemory or WriteProcessMemory request was completed. (0x12B)
[0902/142311.243:ERROR:process_memory_win.cc(73)] ReadMemory at 0x25de0277030 of 132 bytes failed: Only part of a ReadProcessMemory or WriteProcessMemory request was completed. (0x12B)
[0902/142311.243:ERROR:process_memory_win.cc(73)] ReadMemory at 0x25de0277160 of 132 bytes failed: Only part of a ReadProcessMemory or WriteProcessMemory request was completed. (0x12B)
[0902/142311.243:ERROR:process_memory_win.cc(73)] ReadMemory at 0x25de0277290 of 132 bytes failed: Only part of a ReadProcessMemory or WriteProcessMemory request was completed. (0x12B)
[0902/142311.243:ERROR:process_memory_win.cc(73)] ReadMemory at 0x25de02773c0 of 132 bytes failed: Only part of a ReadProcessMemory or WriteProcessMemory request was completed. (0x12B)
[0902/142311.243:ERROR:process_memory_win.cc(73)] ReadMemory at 0x25de02774f0 of 132 bytes failed: Only part of a ReadProcessMemory or WriteProcessMemory request was completed. (0x12B)
[0902/142311.243:ERROR:process_memory_win.cc(73)] ReadMemory at 0x25de0277620 of 132 bytes failed: Only part of a ReadProcessMemory or WriteProcessMemory request was completed. (0x12B)
[0902/142311.243:ERROR:process_memory_win.cc(73)] ReadMemory at 0x25de0277750 of 132 bytes failed: Only part of a ReadProcessMemory or WriteProcessMemory request was completed. (0x12B)
[0902/142311.243:ERROR:process_memory_win.cc(73)] ReadMemory at 0x25de0277fa0 of 132 bytes failed: Only part of a ReadProcessMemory or WriteProcessMemory request was completed. (0x12B)
[0902/142311.244:ERROR:process_memory_win.cc(73)] ReadMemory at 0x25de02780d0 of 132 bytes failed: Only part of a ReadProcessMemory or WriteProcessMemory request was completed. (0x12B)
[0902/142311.244:ERROR:process_memory_win.cc(73)] ReadMemory at 0x25de0278200 of 132 bytes failed: Only part of a ReadProcessMemory or WriteProcessMemory request was completed. (0x12B)
[0902/142311.244:ERROR:process_memory_win.cc(73)] ReadMemory at 0x25de0278330 of 132 bytes failed: Only part of a ReadProcessMemory or WriteProcessMemory request was completed. (0x12B)
[0902/142311.244:ERROR:process_memory_win.cc(73)] ReadMemory at 0x25de0278460 of 132 bytes failed: Only part of a ReadProcessMemory or WriteProcessMemory request was completed. (0x12B)
[0902/142311.244:ERROR:process_memory_win.cc(73)] ReadMemory at 0x25de0278590 of 132 bytes failed: Only part of a ReadProcessMemory or WriteProcessMemory request was completed. (0x12B)
[0902/142311.244:ERROR:process_memory_win.cc(73)] ReadMemory at 0x25de02786c0 of 132 bytes failed: Only part of a ReadProcessMemory or WriteProcessMemory request was completed. (0x12B)
[0902/142311.244:ERROR:process_memory_win.cc(73)] ReadMemory at 0x25de02787f0 of 132 bytes failed: Only part of a ReadProcessMemory or WriteProcessMemory request was completed. (0x12B)
[0902/142311.244:ERROR:process_memory_win.cc(73)] ReadMemory at 0x25de0278920 of 132 bytes failed: Only part of a ReadProcessMemory or WriteProcessMemory request was completed. (0x12B)
[0902/142311.245:ERROR:process_memory_win.cc(73)] ReadMemory at 0x25de0278a50 of 132 bytes failed: Only part of a ReadProcessMemory or WriteProcessMemory request was completed. (0x12B)
[0902/142311.245:ERROR:process_memory_win.cc(73)] ReadMemory at 0x25de0278b80 of 132 bytes failed: Only part of a ReadProcessMemory or WriteProcessMemory request was completed. (0x12B)
[0902/142311.245:ERROR:process_memory_win.cc(73)] ReadMemory at 0x25de0278cb0 of 132 bytes failed: Only part of a ReadProcessMemory or WriteProcessMemory request was completed. (0x12B)
[0902/142311.245:ERROR:process_memory_win.cc(73)] ReadMemory at 0x25de0278de0 of 132 bytes failed: Only part of a ReadProcessMemory or WriteProcessMemory request was completed. (0x12B)
[0902/142311.245:ERROR:process_memory_win.cc(73)] ReadMemory at 0x25de0284af0 of 64 bytes failed: Only part of a ReadProcessMemory or WriteProcessMemory request was completed. (0x12B)
[0902/142311.245:ERROR:process_memory_win.cc(73)] ReadMemory at 0x25de0284eb0 of 62 bytes failed: Only part of a ReadProcessMemory or WriteProcessMemory request was completed. (0x12B)
[0902/142311.245:ERROR:process_memory_win.cc(73)] ReadMemory at 0x25de02851d0 of 58 bytes failed: Only part of a ReadProcessMemory or WriteProcessMemory request was completed. (0x12B)
[0902/142311.245:ERROR:process_memory_win.cc(73)] ReadMemory at 0x25de0285220 of 62 bytes failed: Only part of a ReadProcessMemory or WriteProcessMemory request was completed. (0x12B)
[0902/142311.245:ERROR:process_memory_win.cc(73)] ReadMemory at 0x25de02852c0 of 62 bytes failed: Only part of a ReadProcessMemory or WriteProcessMemory request was completed. (0x12B)
[0902/142311.246:ERROR:process_memory_win.cc(73)] ReadMemory at 0x25de028d700 of 512 bytes failed: Only part of a ReadProcessMemory or WriteProcessMemory request was completed. (0x12B)
[0902/142311.246:ERROR:process_memory_win.cc(73)] ReadMemory at 0x25de0296700 of 512 bytes failed: Only part of a ReadProcessMemory or WriteProcessMemory request was completed. (0x12B)
[0902/142311.246:ERROR:process_memory_win.cc(73)] ReadMemory at 0x25de0297230 of 512 bytes failed: Only part of a ReadProcessMemory or WriteProcessMemory request was completed. (0x12B)
[0902/142311.246:ERROR:process_memory_win.cc(73)] ReadMemory at 0x25de04480d0 of 512 bytes failed: Only part of a ReadProcessMemory or WriteProcessMemory request was completed. (0x12B)
[0902/142311.246:ERROR:process_memory_win.cc(73)] ReadMemory at 0x25de0448610 of 512 bytes failed: Only part of a ReadProcessMemory or WriteProcessMemory request was completed. (0x12B)
[0902/142311.246:ERROR:process_memory_win.cc(73)] ReadMemory at 0x25de0451480 of 512 bytes failed: Only part of a ReadProcessMemory or WriteProcessMemory request was completed. (0x12B)
[0902/142311.246:ERROR:process_memory_win.cc(73)] ReadMemory at 0x25de0451988 of 512 bytes failed: Only part of a ReadProcessMemory or WriteProcessMemory request was completed. (0x12B)
[0902/142311.246:ERROR:process_memory_win.cc(73)] ReadMemory at 0x25de0455e00 of 512 bytes failed: Only part of a ReadProcessMemory or WriteProcessMemory request was completed. (0x12B)
[0902/142311.246:ERROR:process_memory_win.cc(73)] ReadMemory at 0x25de0456da0 of 512 bytes failed: Only part of a ReadProcessMemory or WriteProcessMemory request was completed. (0x12B)
[0902/142311.247:ERROR:process_memory_win.cc(73)] ReadMemory at 0x25de0475fb0 of 712 bytes failed: Only part of a ReadProcessMemory or WriteProcessMemory request was completed. (0x12B)
[0902/142311.247:ERROR:process_memory_win.cc(73)] ReadMemory at 0x25de047d0b0 of 512 bytes failed: Only part of a ReadProcessMemory or WriteProcessMemory request was completed. (0x12B)
[0902/142311.247:ERROR:process_memory_win.cc(73)] ReadMemory at 0x25de0486af8 of 656 bytes failed: Only part of a ReadProcessMemory or WriteProcessMemory request was completed. (0x12B)
[0902/142311.247:ERROR:process_memory_win.cc(73)] ReadMemory at 0x25de04872d8 of 512 bytes failed: Only part of a ReadProcessMemory or WriteProcessMemory request was completed. (0x12B)
[0902/142311.247:ERROR:process_memory_win.cc(73)] ReadMemory at 0x25de0493bf0 of 512 bytes failed: Only part of a ReadProcessMemory or WriteProcessMemory request was completed. (0x12B)
[0902/142311.247:ERROR:process_memory_win.cc(73)] ReadMemory at 0x25de24e57e0 of 512 bytes failed: Only part of a ReadProcessMemory or WriteProcessMemory request was completed. (0x12B)
[0902/142311.247:ERROR:process_memory_win.cc(73)] ReadMemory at 0x25de24efa30 of 512 bytes failed: Only part of a ReadProcessMemory or WriteProcessMemory request was completed. (0x12B)
[0902/142311.247:ERROR:process_memory_win.cc(73)] ReadMemory at 0x25de25d48b0 of 512 bytes failed: Only part of a ReadProcessMemory or WriteProcessMemory request was completed. (0x12B)
[0902/142311.248:ERROR:process_memory_win.cc(73)] ReadMemory at 0x25de2600000 of 384 bytes failed: Only part of a ReadProcessMemory or WriteProcessMemory request was completed. (0x12B)
[0902/142311.248:ERROR:process_memory_win.cc(73)] ReadMemory at 0x26ea991e1498 of 512 bytes failed: Only part of a ReadProcessMemory or WriteProcessMemory request was completed. (0x12B)
[0902/142311.248:ERROR:process_memory_win.cc(73)] ReadMemory at 0x29a49a12c1f8 of 512 bytes failed: Only part of a ReadProcessMemory or WriteProcessMemory request was completed. (0x12B)
[0902/142311.248:ERROR:process_memory_win.cc(73)] ReadMemory at 0x7ffa65b8ced0 of 512 bytes failed: Only part of a ReadProcessMemory or WriteProcessMemory request was completed. (0x12B)
[0902/142311.248:ERROR:process_memory_win.cc(73)] ReadMemory at 0x7ffa68348d8a of 512 bytes failed: Only part of a ReadProcessMemory or WriteProcessMemory request was completed. (0x12B)
[0902/142311.248:ERROR:process_memory_win.cc(73)] ReadMemory at 0x7ffa6a53dbf0 of 512 bytes failed: Only part of a ReadProcessMemory or WriteProcessMemory request was completed. (0x12B)
[0902/142311.248:ERROR:process_memory_win.cc(73)] ReadMemory at 0x7ffaa9c5b710 of 512 bytes failed: Only part of a ReadProcessMemory or WriteProcessMemory request was completed. (0x12B)
[0902/142311.249:ERROR:process_memory_win.cc(73)] ReadMemory at 0x7ffaac141f80 of 512 bytes failed: Only part of a ReadProcessMemory or WriteProcessMemory request was completed. (0x12B)
[0902/142311.249:ERROR:process_memory_win.cc(73)] ReadMemory at 0x7ffaac77c064 of 672 bytes failed: Only part of a ReadProcessMemory or WriteProcessMemory request was completed. (0x12B)
[0902/142311.249:ERROR:process_memory_win.cc(73)] ReadMemory at 0x7ffaac77c664 of 512 bytes failed: Only part of a ReadProcessMemory or WriteProcessMemory request was completed. (0x12B)
[0902/142311.249:ERROR:process_memory_win.cc(73)] ReadMemory at 0x7ffaac77f914 of 608 bytes failed: Only part of a ReadProcessMemory or WriteProcessMemory request was completed. (0x12B)
[0902/142311.249:ERROR:process_memory_win.cc(73)] ReadMemory at 0x7ffaac80c418 of 18 bytes failed: Only part of a ReadProcessMemory or WriteProcessMemory request was completed. (0x12B)
[0902/142311.249:ERROR:process_memory_win.cc(73)] ReadMemory at 0x7ffaac83f4f8 of 40 bytes failed: Only part of a ReadProcessMemory or WriteProcessMemory request was completed. (0x12B)
[0902/142311.249:ERROR:process_memory_win.cc(73)] ReadMemory at 0x7ffaac83f978 of 48 bytes failed: Only part of a ReadProcessMemory or WriteProcessMemory request was completed. (0x12B)
[0902/142311.250:ERROR:process_memory_win.cc(73)] ReadMemory at 0x7ffaac8453c0 of 64 bytes failed: Only part of a ReadProcessMemory or WriteProcessMemory request was completed. (0x12B)
[0902/142311.267:ERROR:file_io_win.cc(161)] CreateFile C:\Users\Subrat\AppData\Local\Temp\scoped_dir9208_19107\Crashpad\settings.dat: The system cannot find the file specified. (0x2)
[0902/142311.266:ERROR:scoped_process_suspend.cc(40)] NtResumeProcess: An attempt was made to access an exiting process. (0xc000010a)
